# JRE version: Java(TM) SE Runtime Environment (8.0_144-b01) (build 1.8.0_144-b01)
# Java VM: Java HotSpot(TM) 64-Bit Server VM (25.144-b01 mixed mode windows-amd64 compressed oops)
Heap:
 PSYoungGen      total 163840K, used 54654K [0x00000000eb300000, 0x00000000f7500000, 0x0000000100000000)
  eden space 155136K, 35% used [0x00000000eb300000,0x00000000ee85f968,0x00000000f4a80000)
  from space 8704K, 0% used [0x00000000f5480000,0x00000000f5480000,0x00000000f5d00000)
  to   space 10240K, 0% used [0x00000000f4a80000,0x00000000f4a80000,0x00000000f5480000)
 ParOldGen       total 49152K, used 15115K [0x00000000c1800000, 0x00000000c4800000, 0x00000000eb300000)
  object space 49152K, 30% used [0x00000000c1800000,0x00000000c26c2ea8,0x00000000c4800000)
 Metaspace       used 36601K, capacity 38036K, committed 38360K, reserved 1083392K
  class space    used 4771K, capacity 5046K, committed 5120K, reserved 1048576K
GC Heap History (10 events):
Event: 7.125 GC heap before
{Heap before GC invocations=8 (full 1):
 PSYoungGen      total 71168K, used 5625K [0x00000000eb300000, 0x00000000f4200000, 0x0000000100000000)
  eden space 65536K, 0% used [0x00000000eb300000,0x00000000eb300000,0x00000000ef300000)
  from space 5632K, 99% used [0x00000000ef300000,0x00000000ef87e780,0x00000000ef880000)
  to   space 7680K, 0% used [0x00000000f3a80000,0x00000000f3a80000,0x00000000f4200000)
 ParOldGen       total 44032K, used 7737K [0x00000000c1800000, 0x00000000c4300000, 0x00000000eb300000)
  object space 44032K, 17% used [0x00000000c1800000,0x00000000c1f8e618,0x00000000c4300000)
 Metaspace       used 20499K, capacity 21224K, committed 21248K, reserved 1067008K
  class space    used 2647K, capacity 2810K, committed 2816K, reserved 1048576K
Event: 7.178 GC heap after
Heap after GC invocations=8 (full 1):
 PSYoungGen      total 71168K, used 0K [0x00000000eb300000, 0x00000000f4200000, 0x0000000100000000)
  eden space 65536K, 0% used [0x00000000eb300000,0x00000000eb300000,0x00000000ef300000)
  from space 5632K, 0% used [0x00000000ef300000,0x00000000ef300000,0x00000000ef880000)
  to   space 7680K, 0% used [0x00000000f3a80000,0x00000000f3a80000,0x00000000f4200000)
 ParOldGen       total 34304K, used 10072K [0x00000000c1800000, 0x00000000c3980000, 0x00000000eb300000)
  object space 34304K, 29% used [0x00000000c1800000,0x00000000c21d60c0,0x00000000c3980000)
 Metaspace       used 20499K, capacity 21224K, committed 21248K, reserved 1067008K
  class space    used 2647K, capacity 2810K, committed 2816K, reserved 1048576K
}
Event: 7.940 GC heap before
{Heap before GC invocations=9 (full 1):
 PSYoungGen      total 71168K, used 65510K [0x00000000eb300000, 0x00000000f4200000, 0x0000000100000000)
  eden space 65536K, 99% used [0x00000000eb300000,0x00000000ef2f9978,0x00000000ef300000)
  from space 5632K, 0% used [0x00000000ef300000,0x00000000ef300000,0x00000000ef880000)
  to   space 7680K, 0% used [0x00000000f3a80000,0x00000000f3a80000,0x00000000f4200000)
 ParOldGen       total 34304K, used 10072K [0x00000000c1800000, 0x00000000c3980000, 0x00000000eb300000)
  object space 34304K, 29% used [0x00000000c1800000,0x00000000c21d60c0,0x00000000c3980000)
 Metaspace       used 23316K, capacity 24158K, committed 24320K, reserved 1071104K
  class space    used 3010K, capacity 3231K, committed 3328K, reserved 1048576K
Event: 7.948 GC heap after
Heap after GC invocations=9 (full 1):
 PSYoungGen      total 116224K, used 4141K [0x00000000eb300000, 0x00000000f3f00000, 0x0000000100000000)
  eden space 111616K, 0% used [0x00000000eb300000,0x00000000eb300000,0x00000000f2000000)
  from space 4608K, 89% used [0x00000000f3a80000,0x00000000f3e8b510,0x00000000f3f00000)
  to   space 7680K, 0% used [0x00000000f3000000,0x00000000f3000000,0x00000000f3780000)
 ParOldGen       total 34304K, used 10072K [0x00000000c1800000, 0x00000000c3980000, 0x00000000eb300000)
  object space 34304K, 29% used [0x00000000c1800000,0x00000000c21d60c0,0x00000000c3980000)
 Metaspace       used 23316K, capacity 24158K, committed 24320K, reserved 1071104K
  class space    used 3010K, capacity 3231K, committed 3328K, reserved 1048576K
}
Event: 9.877 GC heap before
{Heap before GC invocations=10 (full 1):
 PSYoungGen      total 116224K, used 115757K [0x00000000eb300000, 0x00000000f3f00000, 0x0000000100000000)
  eden space 111616K, 100% used [0x00000000eb300000,0x00000000f2000000,0x00000000f2000000)
  from space 4608K, 89% used [0x00000000f3a80000,0x00000000f3e8b510,0x00000000f3f00000)
  to   space 7680K, 0% used [0x00000000f3000000,0x00000000f3000000,0x00000000f3780000)
 ParOldGen       total 34304K, used 10072K [0x00000000c1800000, 0x00000000c3980000, 0x00000000eb300000)
  object space 34304K, 29% used [0x00000000c1800000,0x00000000c21d60c0,0x00000000c3980000)
 Metaspace       used 28113K, capacity 29176K, committed 29440K, reserved 1075200K
  class space    used 3584K, capacity 3820K, committed 3840K, reserved 1048576K
Event: 9.893 GC heap after
Heap after GC invocations=10 (full 1):
 PSYoungGen      total 135680K, used 7654K [0x00000000eb300000, 0x00000000f5d00000, 0x0000000100000000)
  eden space 128000K, 0% used [0x00000000eb300000,0x00000000eb300000,0x00000000f3000000)
  from space 7680K, 99% used [0x00000000f3000000,0x00000000f3779870,0x00000000f3780000)
  to   space 8704K, 0% used [0x00000000f5480000,0x00000000f5480000,0x00000000f5d00000)
 ParOldGen       total 34304K, used 10424K [0x00000000c1800000, 0x00000000c3980000, 0x00000000eb300000)
  object space 34304K, 30% used [0x00000000c1800000,0x00000000c222e248,0x00000000c3980000)
 Metaspace       used 28113K, capacity 29176K, committed 29440K, reserved 1075200K
  class space    used 3584K, capacity 3820K, committed 3840K, reserved 1048576K
}
Event: 11.911 GC heap before
{Heap before GC invocations=11 (full 1):
 PSYoungGen      total 135680K, used 114901K [0x00000000eb300000, 0x00000000f5d00000, 0x0000000100000000)
  eden space 128000K, 83% used [0x00000000eb300000,0x00000000f1bbbf40,0x00000000f3000000)
  from space 7680K, 99% used [0x00000000f3000000,0x00000000f3779870,0x00000000f3780000)
  to   space 8704K, 0% used [0x00000000f5480000,0x00000000f5480000,0x00000000f5d00000)
 ParOldGen       total 34304K, used 10424K [0x00000000c1800000, 0x00000000c3980000, 0x00000000eb300000)
  object space 34304K, 30% used [0x00000000c1800000,0x00000000c222e248,0x00000000c3980000)
 Metaspace       used 33988K, capacity 35348K, committed 35416K, reserved 1079296K
  class space    used 4436K, capacity 4722K, committed 4736K, reserved 1048576K
Event: 11.934 GC heap after
Heap after GC invocations=11 (full 1):
 PSYoungGen      total 163840K, used 8699K [0x00000000eb300000, 0x00000000f7500000, 0x0000000100000000)
  eden space 155136K, 0% used [0x00000000eb300000,0x00000000eb300000,0x00000000f4a80000)
  from space 8704K, 99% used [0x00000000f5480000,0x00000000f5cfedf0,0x00000000f5d00000)
  to   space 10240K, 0% used [0x00000000f4a80000,0x00000000f4a80000,0x00000000f5480000)
 ParOldGen       total 34304K, used 12113K [0x00000000c1800000, 0x00000000c3980000, 0x00000000eb300000)
  object space 34304K, 35% used [0x00000000c1800000,0x00000000c23d4780,0x00000000c3980000)
 Metaspace       used 33988K, capacity 35348K, committed 35416K, reserved 1079296K
  class space    used 4436K, capacity 4722K, committed 4736K, reserved 1048576K
}
Event: 11.934 GC heap before
{Heap before GC invocations=12 (full 2):
 PSYoungGen      total 163840K, used 8699K [0x00000000eb300000, 0x00000000f7500000, 0x0000000100000000)
  eden space 155136K, 0% used [0x00000000eb300000,0x00000000eb300000,0x00000000f4a80000)
  from space 8704K, 99% used [0x00000000f5480000,0x00000000f5cfedf0,0x00000000f5d00000)
  to   space 10240K, 0% used [0x00000000f4a80000,0x00000000f4a80000,0x00000000f5480000)
 ParOldGen       total 34304K, used 12113K [0x00000000c1800000, 0x00000000c3980000, 0x00000000eb300000)
  object space 34304K, 35% used [0x00000000c1800000,0x00000000c23d4780,0x00000000c3980000)
 Metaspace       used 33988K, capacity 35348K, committed 35416K, reserved 1079296K
  class space    used 4436K, capacity 4722K, committed 4736K, reserved 1048576K
Event: 12.011 GC heap after
Heap after GC invocations=12 (full 2):
 PSYoungGen      total 163840K, used 0K [0x00000000eb300000, 0x00000000f7500000, 0x0000000100000000)
  eden space 155136K, 0% used [0x00000000eb300000,0x00000000eb300000,0x00000000f4a80000)
  from space 8704K, 0% used [0x00000000f5480000,0x00000000f5480000,0x00000000f5d00000)
  to   space 10240K, 0% used [0x00000000f4a80000,0x00000000f4a80000,0x00000000f5480000)
 ParOldGen       total 49152K, used 15115K [0x00000000c1800000, 0x00000000c4800000, 0x00000000eb300000)
  object space 49152K, 30% used [0x00000000c1800000,0x00000000c26c2ea8,0x00000000c4800000)
 Metaspace       used 33988K, capacity 35348K, committed 35416K, reserved 1079296K
  class space    used 4436K, capacity 4722K, committed 4736K, reserved 1048576K
}

